[debug] [2023-04-11T23:45:28.536Z] ----------------------------------------------------------------------
[debug] [2023-04-11T23:45:28.540Z] Command:       D:\nodejs\node.exe C:\Users\bengi\AppData\Roaming\npm\node_modules\firebase-tools\lib\bin\firebase.js init firestore
[debug] [2023-04-11T23:45:28.541Z] CLI Version:   11.25.3
[debug] [2023-04-11T23:45:28.541Z] Platform:      win32
[debug] [2023-04-11T23:45:28.541Z] Node Version:  v18.14.2
[debug] [2023-04-11T23:45:28.542Z] Time:          Wed Apr 12 2023 02:45:28 GMT+0300 (GMT+03:00)
[debug] [2023-04-11T23:45:28.543Z] ----------------------------------------------------------------------
[debug] 
[debug] [2023-04-11T23:45:28.564Z] >>> [apiv2][query] GET https://firebase-public.firebaseio.com/cli.json [none]
[debug] [2023-04-11T23:45:28.652Z] > command requires scopes: ["email","openid","https://www.googleapis.com/auth/cloudplatformprojects.readonly","https://www.googleapis.com/auth/firebase","https://www.googleapis.com/auth/cloud-platform"]
[debug] [2023-04-11T23:45:28.653Z] > authorizing via signed-in user (bengisusagir@gmail.com)
[info] 
     ######## #### ########  ######## ########     ###     ######  ########
     ##        ##  ##     ## ##       ##     ##  ##   ##  ##       ##
     ######    ##  ########  ######   ########  #########  ######  ######
     ##        ##  ##    ##  ##       ##     ## ##     ##       ## ##
     ##       #### ##     ## ######## ########  ##     ##  ######  ########

You're about to initialize a Firebase project in this directory:

  D:\OneDrive\Masaüstü\uretken akademi\faketw

[debug] [2023-04-11T23:45:29.128Z] <<< [apiv2][status] GET https://firebase-public.firebaseio.com/cli.json 200
[debug] [2023-04-11T23:45:29.129Z] <<< [apiv2][body] GET https://firebase-public.firebaseio.com/cli.json {"cloudBuildErrorAfter":1594252800000,"cloudBuildWarnAfter":1590019200000,"defaultNode10After":1594252800000,"minVersion":"3.0.5","node8DeploysDisabledAfter":1613390400000,"node8RuntimeDisabledAfter":1615809600000,"node8WarnAfter":1600128000000}
[info] 
=== Project Setup
[info] 
[info] First, let's associate this project directory with a Firebase project.
[info] You can create multiple project aliases by running firebase use --add, 
[info] but for now we'll just set up a default project.
[info] 
